2021-08-03 16:56:57,842 - person_logger - DEBUG - Получение данных
2021-08-03 16:57:06,146 - person_logger - DEBUG - Получение данных
2021-08-03 16:57:06,593 - person_logger - DEBUG - Получение данных
2021-08-03 16:57:07,126 - person_logger - DEBUG - Получение данных
2021-08-03 16:57:08,679 - person_logger - DEBUG - Получение данных
2021-08-03 16:57:09,150 - person_logger - DEBUG - Получение данных
2021-08-03 16:57:09,573 - person_logger - DEBUG - Получение данных
2021-08-03 16:57:13,566 - person_logger - DEBUG - Получение данных
2021-08-03 16:57:25,852 - person_logger - DEBUG - Получение данных
2021-08-03 16:57:38,705 - person_logger - DEBUG - Получение данных
2021-08-03 16:57:46,435 - person_logger - DEBUG - Получение данных
2021-08-03 16:57:46,804 - person_logger - DEBUG - Получение данных
2021-08-03 16:57:48,113 - person_logger - DEBUG - Получение данных
2021-08-03 16:57:50,814 - person_logger - DEBUG - Получение данных
2021-08-03 16:57:51,225 - person_logger - DEBUG - Получение данных
2021-08-03 16:57:51,640 - person_logger - DEBUG - Получение данных
2021-08-03 16:57:55,321 - person_logger - DEBUG - Получение данных
2021-08-04 14:30:25,260 - person_logger - DEBUG - Пользователю  на 'testgo@mail.ru' был выдан токен  
2021-08-04 14:30:25,265 - person_logger - DEBUG - Пользователю  на 'testgo@mail.ru' был выдан токен  
2021-08-04 14:31:54,806 - person_logger - DEBUG - Пользователю  на 'testgo@mail.ru' был выдан токен  
2021-08-04 14:31:54,856 - person_logger - DEBUG - Пользователю  на 'testgo@mail.ru' был выдан токен  
2021-08-04 14:51:07,034 - person_logger - DEBUG - Пользователю  на 'qcmrxrex@mail.ru' был выдан токен  
2021-08-04 14:51:07,041 - person_logger - DEBUG - Пользователю  на 'qcmrxrex@mail.ru' был выдан токен  
2021-08-04 14:51:46,854 - person_logger - DEBUG - Пользователю  на 'qcmrxrex@mail.ru' был выдан токен  
2021-08-04 14:51:46,863 - person_logger - DEBUG - Пользователю  на 'qcmrxrex@mail.ru' был выдан токен  
2021-08-04 14:53:42,476 - person_logger - DEBUG - Пользователю  на 'qcmrxrex@mail.ru' был выдан токен  
2021-08-04 14:53:42,481 - person_logger - DEBUG - Пользователю  на 'qcmrxrex@mail.ru' был выдан токен  
2021-08-04 14:53:42,487 - person_logger - DEBUG - Пользователю  на 'jfkofyds@mail.ru' был выдан токен  
2021-08-04 14:53:42,491 - person_logger - DEBUG - Пользователю  на 'jfkofyds@mail.ru' был выдан токен  
2021-08-04 14:53:42,497 - person_logger - DEBUG - Пользователю  на 'snupmguv@mail.ru' был выдан токен  
2021-08-04 14:53:42,502 - person_logger - DEBUG - Пользователю  на 'snupmguv@mail.ru' был выдан токен  
2021-08-04 14:53:42,516 - person_logger - DEBUG - Пользователю  на 'jeqpwdld@mail.ru' был выдан токен  
2021-08-04 14:53:42,520 - person_logger - DEBUG - Пользователю  на 'jeqpwdld@mail.ru' был выдан токен  
2021-08-04 14:53:42,529 - person_logger - DEBUG - Пользователю  на 'ogsfqjbg@mail.ru' был выдан токен  
2021-08-04 14:53:42,534 - person_logger - DEBUG - Пользователю  на 'ogsfqjbg@mail.ru' был выдан токен  
2021-08-04 14:58:11,891 - person_logger - DEBUG - Пользователю  на 'qcmrxrex@mail.ru' был выдан токен  
2021-08-04 14:58:11,929 - person_logger - DEBUG - Пользователю  на 'qcmrxrex@mail.ru' был выдан токен  
2021-08-04 14:58:12,139 - person_logger - DEBUG - Пользователю  на 'jfkofyds@mail.ru' был выдан токен  
2021-08-04 14:58:12,143 - person_logger - DEBUG - Пользователю  на 'jfkofyds@mail.ru' был выдан токен  
2021-08-04 14:58:12,381 - person_logger - DEBUG - Пользователю  на 'snupmguv@mail.ru' был выдан токен  
2021-08-04 14:58:12,384 - person_logger - DEBUG - Пользователю  на 'snupmguv@mail.ru' был выдан токен  
2021-08-04 14:58:12,614 - person_logger - DEBUG - Пользователю  на 'jeqpwdld@mail.ru' был выдан токен  
2021-08-04 14:58:12,618 - person_logger - DEBUG - Пользователю  на 'jeqpwdld@mail.ru' был выдан токен  
2021-08-04 14:58:12,802 - person_logger - DEBUG - Пользователю  на 'ogsfqjbg@mail.ru' был выдан токен  
2021-08-04 14:58:12,806 - person_logger - DEBUG - Пользователю  на 'ogsfqjbg@mail.ru' был выдан токен  
2021-08-04 15:09:11,687 - person_logger - DEBUG - Пользователю  на 'qcmrxrex@mail.ru' был выдан токен  
2021-08-04 15:09:11,723 - person_logger - DEBUG - Пользователю  на 'qcmrxrex@mail.ru' был выдан токен  
2021-08-04 15:09:11,914 - person_logger - DEBUG - Пользователю  на 'jfkofyds@mail.ru' был выдан токен  
2021-08-04 15:09:11,916 - person_logger - DEBUG - Пользователю  на 'jfkofyds@mail.ru' был выдан токен  
2021-08-04 15:09:12,105 - person_logger - DEBUG - Пользователю  на 'snupmguv@mail.ru' был выдан токен  
2021-08-04 15:09:12,108 - person_logger - DEBUG - Пользователю  на 'snupmguv@mail.ru' был выдан токен  
2021-08-04 15:09:12,359 - person_logger - DEBUG - Пользователю  на 'jeqpwdld@mail.ru' был выдан токен  
2021-08-04 15:09:12,363 - person_logger - DEBUG - Пользователю  на 'jeqpwdld@mail.ru' был выдан токен  
2021-08-04 15:09:12,585 - person_logger - DEBUG - Пользователю  на 'ogsfqjbg@mail.ru' был выдан токен  
2021-08-04 15:09:12,589 - person_logger - DEBUG - Пользователю  на 'ogsfqjbg@mail.ru' был выдан токен  
2021-08-04 15:32:29,637 - person_logger - DEBUG - Пользователю  на 'lkdyklqy@mail.ru' был выдан токен  
2021-08-04 15:32:29,710 - person_logger - DEBUG - Пользователю  на 'lkdyklqy@mail.ru' был выдан токен  
2021-08-04 15:32:29,978 - person_logger - DEBUG - Пользователю  на 'xbaegobv@mail.ru' был выдан токен  
2021-08-04 15:32:29,981 - person_logger - DEBUG - Пользователю  на 'xbaegobv@mail.ru' был выдан токен  
2021-08-04 15:32:30,238 - person_logger - DEBUG - Пользователю  на 'ggytctdw@mail.ru' был выдан токен  
2021-08-04 15:32:30,241 - person_logger - DEBUG - Пользователю  на 'ggytctdw@mail.ru' был выдан токен  
2021-08-04 15:32:30,433 - person_logger - DEBUG - Пользователю  на 'bkwqornw@mail.ru' был выдан токен  
